\BOOKMARK [1][-]{section*.4}{Introduction}{}% 1
\BOOKMARK [1][-]{section*.5}{Contributions}{}% 2
\BOOKMARK [1][-]{section*.6}{Related Work}{}% 3
\BOOKMARK [1][-]{section*.7}{Diary Study}{}% 4
\BOOKMARK [2][-]{section*.8}{Design}{section*.7}% 5
\BOOKMARK [2][-]{section*.9}{Method}{section*.7}% 6
\BOOKMARK [3][-]{section*.10}{Participants}{section*.9}% 7
\BOOKMARK [3][-]{section*.11}{Apparatus}{section*.9}% 8
\BOOKMARK [3][-]{section*.12}{Procedure}{section*.9}% 9
\BOOKMARK [2][-]{section*.13}{Results and Discussion}{section*.7}% 10
\BOOKMARK [1][-]{section*.14}{The GraphTiles interface}{}% 11
\BOOKMARK [1][-]{section*.15}{Experiment: Comparison to IMDb's mobile site}{}% 12
\BOOKMARK [2][-]{section*.16}{Methods}{section*.15}% 13
\BOOKMARK [3][-]{section*.17}{Apparatus}{section*.16}% 14
\BOOKMARK [2][-]{section*.18}{Results and discussion}{section*.15}% 15
\BOOKMARK [1][-]{section*.19}{GraphTiles in non-bipartite graphs}{}% 16
\BOOKMARK [1][-]{section*.20}{Experiment: Comparison of explicit link representations}{}% 17
\BOOKMARK [2][-]{section*.21}{Methods}{section*.20}% 18
\BOOKMARK [3][-]{section*.22}{Design}{section*.21}% 19
\BOOKMARK [3][-]{section*.23}{Participants and procedure}{section*.21}% 20
\BOOKMARK [2][-]{section*.24}{Results}{section*.20}% 21
\BOOKMARK [2][-]{section*.25}{Discussion}{section*.20}% 22
\BOOKMARK [1][-]{section*.26}{Conclusion and Future Work}{}% 23
\BOOKMARK [1][-]{section*.27}{REFERENCES }{}% 24
